  [1m[35m (0.5ms)[0m  [1m[34mSELECT "schema_migrations"."version" FROM "schema_migrations" ORDER BY "schema_migrations"."version" ASC[0m
  ↳ bin/rails:9
  [1m[35m (0.3ms)[0m  [1m[34mSELECT "ar_internal_metadata"."value" FROM "ar_internal_metadata" WHERE "ar_internal_metadata"."key" = $1[0m  [["key", "environment"]]
  ↳ bin/rails:9
  [1m[35m (0.2ms)[0m  [1m[34mSELECT "schema_migrations"."version" FROM "schema_migrations" ORDER BY "schema_migrations"."version" ASC[0m
  ↳ bin/rails:9
  [1m[35m (0.2ms)[0m  [1m[34mSELECT "ar_internal_metadata"."value" FROM "ar_internal_metadata" WHERE "ar_internal_metadata"."key" = $1[0m  [["key", "environment"]]
  ↳ bin/rails:9
  [1m[35m (0.4ms)[0m  [1m[34mSELECT "schema_migrations"."version" FROM "schema_migrations" ORDER BY "schema_migrations"."version" ASC[0m
  ↳ bin/rails:9
  [1m[35m (0.2ms)[0m  [1m[34mSELECT "ar_internal_metadata"."value" FROM "ar_internal_metadata" WHERE "ar_internal_metadata"."key" = $1[0m  [["key", "environment"]]
  ↳ bin/rails:9
  [1m[35m (208.7ms)[0m  [1m[35mDROP DATABASE IF EXISTS "secret_development"[0m
  ↳ bin/rails:9
  [1m[35m (209.2ms)[0m  [1m[35mDROP DATABASE IF EXISTS "secret_test"[0m
  ↳ bin/rails:9
  [1m[35m (554.5ms)[0m  [1m[35mCREATE DATABASE "secret_development" ENCODING = 'unicode'[0m
  ↳ bin/rails:9
  [1m[35m (446.4ms)[0m  [1m[35mCREATE DATABASE "secret_test" ENCODING = 'unicode'[0m
  ↳ bin/rails:9
  [1m[35m (5.1ms)[0m  [1m[35mCREATE TABLE "schema_migrations" ("version" character varying NOT NULL PRIMARY KEY)[0m
  ↳ bin/rails:9
  [1m[35m (2.4ms)[0m  [1m[35mCREATE TABLE "ar_internal_metadata" ("key" character varying NOT NULL PRIMARY KEY, "value" character varying, "created_at" timestamp NOT NULL, "updated_at" timestamp NOT NULL)[0m
  ↳ bin/rails:9
  [1m[35m (0.2ms)[0m  [1m[34mSELECT pg_try_advisory_lock(8074652357746927680)[0m
  ↳ bin/rails:9
  [1m[35m (0.4ms)[0m  [1m[34mSELECT "schema_migrations"."version" FROM "schema_migrations" ORDER BY "schema_migrations"."version" ASC[0m
  ↳ bin/rails:9
Migrating to CreateUsers (20181102150356)
  [1m[35m (0.1ms)[0m  [1m[35mBEGIN[0m
  ↳ bin/rails:9
  [1m[35m (45.0ms)[0m  [1m[35mCREATE TABLE "users" ("id" bigserial primary key, "email" character varying, "password_digest" character varying, "created_at" timestamp NOT NULL, "updated_at" timestamp NOT NULL)[0m
  ↳ db/migrate/20181102150356_create_users.rb:3
  [1m[36mActiveRecord::SchemaMigration Create (0.4ms)[0m  [1m[32mINSERT INTO "schema_migrations" ("version") VALUES ($1) RETURNING "version"[0m  [["version", "20181102150356"]]
  ↳ bin/rails:9
  [1m[35m (0.4ms)[0m  [1m[35mCOMMIT[0m
  ↳ bin/rails:9
Migrating to AddIndexToUsersEmail (20181102151710)
  [1m[35m (39.7ms)[0m  [1m[35mBEGIN[0m
  ↳ bin/rails:9
  [1m[35m (2.0ms)[0m  [1m[35mCREATE UNIQUE INDEX  "index_users_on_email" ON "users"  ("email")[0m
  ↳ db/migrate/20181102151710_add_index_to_users_email.rb:3
  [1m[36mActiveRecord::SchemaMigration Create (0.2ms)[0m  [1m[32mINSERT INTO "schema_migrations" ("version") VALUES ($1) RETURNING "version"[0m  [["version", "20181102151710"]]
  ↳ bin/rails:9
  [1m[35m (0.3ms)[0m  [1m[35mCOMMIT[0m
  ↳ bin/rails:9
Migrating to ChangeTableUsers (20181105084500)
  [1m[35m (0.1ms)[0m  [1m[35mBEGIN[0m
  ↳ bin/rails:9
  [1m[35m (1.1ms)[0m  [1m[35mALTER TABLE "users" ADD "first_name" character varying[0m
  ↳ db/migrate/20181105084500_change_table_users.rb:3
  [1m[35m (0.6ms)[0m  [1m[35mALTER TABLE "users" ADD "last_name" character varying[0m
  ↳ db/migrate/20181105084500_change_table_users.rb:4
  [1m[36mActiveRecord::SchemaMigration Create (0.3ms)[0m  [1m[32mINSERT INTO "schema_migrations" ("version") VALUES ($1) RETURNING "version"[0m  [["version", "20181105084500"]]
  ↳ bin/rails:9
  [1m[35m (39.8ms)[0m  [1m[35mCOMMIT[0m
  ↳ bin/rails:9
  [1m[36mActiveRecord::InternalMetadata Load (0.4ms)[0m  [1m[34mSELECT  "ar_internal_metadata".* FROM "ar_internal_metadata" WHERE "ar_internal_metadata"."key" = $1 LIMIT $2[0m  [["key", "environment"], ["LIMIT", 1]]
  ↳ bin/rails:9
  [1m[35m (0.2ms)[0m  [1m[35mBEGIN[0m
  ↳ bin/rails:9
  [1m[36mActiveRecord::InternalMetadata Create (0.4ms)[0m  [1m[32mINSERT INTO "ar_internal_metadata" ("key", "value", "created_at", "updated_at") VALUES ($1, $2, $3, $4) RETURNING "key"[0m  [["key", "environment"], ["value", "development"], ["created_at", "2018-11-05 22:35:57.461651"], ["updated_at", "2018-11-05 22:35:57.461651"]]
  ↳ bin/rails:9
  [1m[35m (1.1ms)[0m  [1m[35mCOMMIT[0m
  ↳ bin/rails:9
  [1m[35m (0.2ms)[0m  [1m[34mSELECT pg_advisory_unlock(8074652357746927680)[0m
  ↳ bin/rails:9
  [1m[35m (0.2ms)[0m  [1m[34mSELECT "schema_migrations"."version" FROM "schema_migrations" ORDER BY "schema_migrations"."version" ASC[0m
  ↳ bin/rails:9
  [1m[35m (0.6ms)[0m  [1m[34mSELECT "schema_migrations"."version" FROM "schema_migrations" ORDER BY "schema_migrations"."version" ASC[0m
  ↳ bin/rails:9
  [1m[35m (0.1ms)[0m  [1m[35mBEGIN[0m
  ↳ db/seeds.rb:8
  [1m[36mUser Exists (0.6ms)[0m  [1m[34mSELECT  1 AS one FROM "users" WHERE LOWER("users"."email") = LOWER($1) LIMIT $2[0m  [["email", "test@example.com"], ["LIMIT", 1]]
  ↳ db/seeds.rb:8
  [1m[36mUser Create (0.6ms)[0m  [1m[32mINSERT INTO "users" ("email", "password_digest", "created_at", "updated_at", "first_name", "last_name") VALUES ($1, $2, $3, $4, $5, $6) RETURNING "id"[0m  [["email", "test@example.com"], ["password_digest", "$2a$10$YxwYXciy/UF5NWMS57Ok7eTkCvh56UEYBpmfd51VKKd3MOfBBWe7C"], ["created_at", "2018-11-05 22:36:02.452857"], ["updated_at", "2018-11-05 22:36:02.452857"], ["first_name", "Tom"], ["last_name", "Dupont"]]
  ↳ db/seeds.rb:8
  [1m[35m (0.4ms)[0m  [1m[35mCOMMIT[0m
  ↳ db/seeds.rb:8
Started GET "/" for 127.0.0.1 at 2018-11-05 23:36:10 +0100
  [1m[35m (0.5ms)[0m  [1m[34mSELECT "schema_migrations"."version" FROM "schema_migrations" ORDER BY "schema_migrations"."version" ASC[0m
  ↳ /Users/MatthieuMontagne/.rvm/gems/ruby-2.5.1/gems/activerecord-5.2.1/lib/active_record/log_subscriber.rb:98
Processing by StaticPageController#home as HTML
  Rendering static_page/home.html.erb within layouts/application
  [1m[36mUser Load (0.4ms)[0m  [1m[34mSELECT  "users".* FROM "users" WHERE "users"."id" = $1 LIMIT $2[0m  [["id", 2], ["LIMIT", 1]]
  ↳ app/helpers/sessions_helper.rb:9
  Rendered static_page/home.html.erb within layouts/application (14.1ms)
  [1m[36mUser Load (0.6ms)[0m  [1m[34mSELECT  "users".* FROM "users" WHERE "users"."id" = $1 LIMIT $2[0m  [["id", 2], ["LIMIT", 1]]
  ↳ app/helpers/sessions_helper.rb:9
  Rendered layouts/_header.html.erb (3.7ms)
Completed 200 OK in 473ms (Views: 458.0ms | ActiveRecord: 2.7ms)


Started GET "/login" for 127.0.0.1 at 2018-11-05 23:36:13 +0100
Processing by SessionsController#new as HTML
  Rendering sessions/new.html.erb within layouts/application
  Rendered sessions/new.html.erb within layouts/application (14.4ms)
  [1m[36mUser Load (0.9ms)[0m  [1m[34mSELECT  "users".* FROM "users" WHERE "users"."id" = $1 LIMIT $2[0m  [["id", 2], ["LIMIT", 1]]
  ↳ app/helpers/sessions_helper.rb:9
  Rendered layouts/_header.html.erb (3.2ms)
Completed 200 OK in 55ms (Views: 51.3ms | ActiveRecord: 0.9ms)


Started GET "/users/new" for 127.0.0.1 at 2018-11-05 23:36:14 +0100
Processing by UsersController#new as HTML
  Rendering users/new.html.erb within layouts/application
  Rendered shared/_error_messages.html.erb (0.5ms)
  Rendered users/new.html.erb within layouts/application (4.9ms)
  [1m[36mUser Load (0.4ms)[0m  [1m[34mSELECT  "users".* FROM "users" WHERE "users"."id" = $1 LIMIT $2[0m  [["id", 2], ["LIMIT", 1]]
  ↳ app/helpers/sessions_helper.rb:9
  Rendered layouts/_header.html.erb (1.8ms)
Completed 200 OK in 76ms (Views: 55.1ms | ActiveRecord: 9.3ms)


Started GET "/login" for 127.0.0.1 at 2018-11-05 23:36:15 +0100
Processing by SessionsController#new as HTML
  Rendering sessions/new.html.erb within layouts/application
  Rendered sessions/new.html.erb within layouts/application (2.4ms)
  [1m[36mUser Load (0.6ms)[0m  [1m[34mSELECT  "users".* FROM "users" WHERE "users"."id" = $1 LIMIT $2[0m  [["id", 2], ["LIMIT", 1]]
  ↳ app/helpers/sessions_helper.rb:9
  Rendered layouts/_header.html.erb (2.7ms)
Completed 200 OK in 65ms (Views: 55.1ms | ActiveRecord: 0.6ms)


  [1m[35m (0.5ms)[0m  [1m[34mSELECT "schema_migrations"."version" FROM "schema_migrations" ORDER BY "schema_migrations"."version" ASC[0m
  ↳ bin/rails:9
  [1m[35m (1.4ms)[0m  [1m[34mSELECT "ar_internal_metadata"."value" FROM "ar_internal_metadata" WHERE "ar_internal_metadata"."key" = $1[0m  [["key", "environment"]]
  ↳ bin/rails:9
  [1m[35m (0.2ms)[0m  [1m[34mSELECT "schema_migrations"."version" FROM "schema_migrations" ORDER BY "schema_migrations"."version" ASC[0m
  ↳ bin/rails:9
  [1m[35m (0.2ms)[0m  [1m[34mSELECT "ar_internal_metadata"."value" FROM "ar_internal_metadata" WHERE "ar_internal_metadata"."key" = $1[0m  [["key", "environment"]]
  ↳ bin/rails:9
  [1m[35m (0.2ms)[0m  [1m[34mSELECT "schema_migrations"."version" FROM "schema_migrations" ORDER BY "schema_migrations"."version" ASC[0m
  ↳ bin/rails:9
  [1m[35m (0.2ms)[0m  [1m[34mSELECT "ar_internal_metadata"."value" FROM "ar_internal_metadata" WHERE "ar_internal_metadata"."key" = $1[0m  [["key", "environment"]]
  ↳ bin/rails:9
  [1m[35m (210.2ms)[0m  [1m[35mDROP DATABASE IF EXISTS "secret_development"[0m
  ↳ bin/rails:9
  [1m[35m (212.4ms)[0m  [1m[35mDROP DATABASE IF EXISTS "secret_test"[0m
  ↳ bin/rails:9
  [1m[35m (453.5ms)[0m  [1m[35mCREATE DATABASE "secret_development" ENCODING = 'unicode'[0m
  ↳ bin/rails:9
  [1m[35m (451.3ms)[0m  [1m[35mCREATE DATABASE "secret_test" ENCODING = 'unicode'[0m
  ↳ bin/rails:9
  [1m[35m (5.0ms)[0m  [1m[35mCREATE TABLE "schema_migrations" ("version" character varying NOT NULL PRIMARY KEY)[0m
  ↳ bin/rails:9
  [1m[35m (2.6ms)[0m  [1m[35mCREATE TABLE "ar_internal_metadata" ("key" character varying NOT NULL PRIMARY KEY, "value" character varying, "created_at" timestamp NOT NULL, "updated_at" timestamp NOT NULL)[0m
  ↳ bin/rails:9
  [1m[35m (0.2ms)[0m  [1m[34mSELECT pg_try_advisory_lock(8074652357746927680)[0m
  ↳ bin/rails:9
  [1m[35m (0.4ms)[0m  [1m[34mSELECT "schema_migrations"."version" FROM "schema_migrations" ORDER BY "schema_migrations"."version" ASC[0m
  ↳ bin/rails:9
Migrating to CreateUsers (20181102150356)
  [1m[35m (0.1ms)[0m  [1m[35mBEGIN[0m
  ↳ bin/rails:9
  [1m[35m (2.9ms)[0m  [1m[35mCREATE TABLE "users" ("id" bigserial primary key, "email" character varying, "password_digest" character varying, "created_at" timestamp NOT NULL, "updated_at" timestamp NOT NULL)[0m
  ↳ db/migrate/20181102150356_create_users.rb:3
  [1m[36mActiveRecord::SchemaMigration Create (0.4ms)[0m  [1m[32mINSERT INTO "schema_migrations" ("version") VALUES ($1) RETURNING "version"[0m  [["version", "20181102150356"]]
  ↳ bin/rails:9
  [1m[35m (0.4ms)[0m  [1m[35mCOMMIT[0m
  ↳ bin/rails:9
Migrating to AddIndexToUsersEmail (20181102151710)
  [1m[35m (0.3ms)[0m  [1m[35mBEGIN[0m
  ↳ bin/rails:9
  [1m[35m (1.0ms)[0m  [1m[35mCREATE UNIQUE INDEX  "index_users_on_email" ON "users"  ("email")[0m
  ↳ db/migrate/20181102151710_add_index_to_users_email.rb:3
  [1m[36mActiveRecord::SchemaMigration Create (0.3ms)[0m  [1m[32mINSERT INTO "schema_migrations" ("version") VALUES ($1) RETURNING "version"[0m  [["version", "20181102151710"]]
  ↳ bin/rails:9
  [1m[35m (0.3ms)[0m  [1m[35mCOMMIT[0m
  ↳ bin/rails:9
Migrating to ChangeTableUsers (20181105084500)
  [1m[35m (0.1ms)[0m  [1m[35mBEGIN[0m
  ↳ bin/rails:9
  [1m[35m (0.3ms)[0m  [1m[35mALTER TABLE "users" ADD "first_name" character varying[0m
  ↳ db/migrate/20181105084500_change_table_users.rb:3
  [1m[35m (0.2ms)[0m  [1m[35mALTER TABLE "users" ADD "last_name" character varying[0m
  ↳ db/migrate/20181105084500_change_table_users.rb:4
  [1m[36mActiveRecord::SchemaMigration Create (0.2ms)[0m  [1m[32mINSERT INTO "schema_migrations" ("version") VALUES ($1) RETURNING "version"[0m  [["version", "20181105084500"]]
  ↳ bin/rails:9
  [1m[35m (0.3ms)[0m  [1m[35mCOMMIT[0m
  ↳ bin/rails:9
  [1m[36mActiveRecord::InternalMetadata Load (0.4ms)[0m  [1m[34mSELECT  "ar_internal_metadata".* FROM "ar_internal_metadata" WHERE "ar_internal_metadata"."key" = $1 LIMIT $2[0m  [["key", "environment"], ["LIMIT", 1]]
  ↳ bin/rails:9
  [1m[35m (0.7ms)[0m  [1m[35mBEGIN[0m
  ↳ bin/rails:9
  [1m[36mActiveRecord::InternalMetadata Create (0.5ms)[0m  [1m[32mINSERT INTO "ar_internal_metadata" ("key", "value", "created_at", "updated_at") VALUES ($1, $2, $3, $4) RETURNING "key"[0m  [["key", "environment"], ["value", "development"], ["created_at", "2018-11-05 22:40:07.085117"], ["updated_at", "2018-11-05 22:40:07.085117"]]
  ↳ bin/rails:9
  [1m[35m (0.3ms)[0m  [1m[35mCOMMIT[0m
  ↳ bin/rails:9
  [1m[35m (0.2ms)[0m  [1m[34mSELECT pg_advisory_unlock(8074652357746927680)[0m
  ↳ bin/rails:9
  [1m[35m (0.2ms)[0m  [1m[34mSELECT "schema_migrations"."version" FROM "schema_migrations" ORDER BY "schema_migrations"."version" ASC[0m
  ↳ bin/rails:9
  [1m[35m (0.6ms)[0m  [1m[34mSELECT "schema_migrations"."version" FROM "schema_migrations" ORDER BY "schema_migrations"."version" ASC[0m
  ↳ bin/rails:9
  [1m[35m (0.2ms)[0m  [1m[35mBEGIN[0m
  ↳ db/seeds.rb:8
  [1m[36mUser Exists (0.7ms)[0m  [1m[34mSELECT  1 AS one FROM "users" WHERE LOWER("users"."email") = LOWER($1) LIMIT $2[0m  [["email", "test@example.com"], ["LIMIT", 1]]
  ↳ db/seeds.rb:8
  [1m[36mUser Create (0.6ms)[0m  [1m[32mINSERT INTO "users" ("email", "password_digest", "created_at", "updated_at", "first_name", "last_name") VALUES ($1, $2, $3, $4, $5, $6) RETURNING "id"[0m  [["email", "test@example.com"], ["password_digest", "$2a$10$kU8obburfe5ZiL1.6VLJy.TIig/eraUetwW6Sn2eI60iC5.FI03Tu"], ["created_at", "2018-11-05 22:40:17.988797"], ["updated_at", "2018-11-05 22:40:17.988797"], ["first_name", "Tom"], ["last_name", "Dupont"]]
  ↳ db/seeds.rb:8
  [1m[35m (1.3ms)[0m  [1m[35mCOMMIT[0m
  ↳ db/seeds.rb:8
Started GET "/" for 127.0.0.1 at 2018-11-05 23:40:26 +0100
  [1m[35m (0.6ms)[0m  [1m[34mSELECT "schema_migrations"."version" FROM "schema_migrations" ORDER BY "schema_migrations"."version" ASC[0m
  ↳ /Users/MatthieuMontagne/.rvm/gems/ruby-2.5.1/gems/activerecord-5.2.1/lib/active_record/log_subscriber.rb:98
Processing by StaticPageController#home as HTML
  Rendering static_page/home.html.erb within layouts/application
  [1m[36mUser Load (0.5ms)[0m  [1m[34mSELECT  "users".* FROM "users" WHERE "users"."id" = $1 LIMIT $2[0m  [["id", 2], ["LIMIT", 1]]
  ↳ app/helpers/sessions_helper.rb:9
  Rendered static_page/home.html.erb within layouts/application (9.0ms)
  [1m[36mUser Load (0.4ms)[0m  [1m[34mSELECT  "users".* FROM "users" WHERE "users"."id" = $1 LIMIT $2[0m  [["id", 2], ["LIMIT", 1]]
  ↳ app/helpers/sessions_helper.rb:9
  Rendered layouts/_header.html.erb (2.6ms)
Completed 200 OK in 218ms (Views: 203.8ms | ActiveRecord: 3.2ms)


Started GET "/login" for 127.0.0.1 at 2018-11-05 23:40:28 +0100
Processing by SessionsController#new as HTML
  Rendering sessions/new.html.erb within layouts/application
  Rendered sessions/new.html.erb within layouts/application (4.2ms)
  [1m[36mUser Load (1.3ms)[0m  [1m[34mSELECT  "users".* FROM "users" WHERE "users"."id" = $1 LIMIT $2[0m  [["id", 2], ["LIMIT", 1]]
  ↳ app/helpers/sessions_helper.rb:9
  Rendered layouts/_header.html.erb (3.1ms)
Completed 200 OK in 41ms (Views: 37.2ms | ActiveRecord: 1.3ms)


Started GET "/users/new" for 127.0.0.1 at 2018-11-05 23:40:29 +0100
Processing by UsersController#new as HTML
  Rendering users/new.html.erb within layouts/application
  Rendered shared/_error_messages.html.erb (0.4ms)
  Rendered users/new.html.erb within layouts/application (4.1ms)
  [1m[36mUser Load (0.6ms)[0m  [1m[34mSELECT  "users".* FROM "users" WHERE "users"."id" = $1 LIMIT $2[0m  [["id", 2], ["LIMIT", 1]]
  ↳ app/helpers/sessions_helper.rb:9
  Rendered layouts/_header.html.erb (2.2ms)
Completed 200 OK in 61ms (Views: 36.8ms | ActiveRecord: 13.6ms)


Started POST "/users" for 127.0.0.1 at 2018-11-05 23:40:50 +0100
Processing by UsersController#create as HTML
  Parameters: {"utf8"=>"✓", "authenticity_token"=>"oou8G8UpfzTmn2IC2BOaXEcRYnxv8oKME8pvwsr/ASIaG1HUgMuX3zoISZRrTyiYrI69Vboayc0nePHsOEDGsQ==", "user"=>{"first_name"=>"test", "last_name"=>"test", "email"=>"test@gm.fr", "password"=>"[FILTERED]", "password_confirmation"=>"[FILTERED]"}, "commit"=>"Log in"}
  [1m[35m (0.2ms)[0m  [1m[35mBEGIN[0m
  ↳ app/controllers/users_controller.rb:22
  [1m[36mUser Exists (0.5ms)[0m  [1m[34mSELECT  1 AS one FROM "users" WHERE LOWER("users"."email") = LOWER($1) LIMIT $2[0m  [["email", "test@gm.fr"], ["LIMIT", 1]]
  ↳ app/controllers/users_controller.rb:22
  [1m[36mUser Create (1.0ms)[0m  [1m[32mINSERT INTO "users" ("email", "password_digest", "created_at", "updated_at", "first_name", "last_name") VALUES ($1, $2, $3, $4, $5, $6) RETURNING "id"[0m  [["email", "test@gm.fr"], ["password_digest", "$2a$10$kXv7sbQY4yl50NVMXs9TdeMYUaWC51lVMW9SAa7ZwYhmzAPKBf9jm"], ["created_at", "2018-11-05 22:40:50.273006"], ["updated_at", "2018-11-05 22:40:50.273006"], ["first_name", "test"], ["last_name", "test"]]
  ↳ app/controllers/users_controller.rb:22
  [1m[35m (1.3ms)[0m  [1m[35mCOMMIT[0m
  ↳ app/controllers/users_controller.rb:22
Redirected to http://localhost:3000/
Completed 302 Found in 74ms (ActiveRecord: 4.3ms)


Started GET "/" for 127.0.0.1 at 2018-11-05 23:40:50 +0100
Processing by StaticPageController#home as HTML
  Rendering static_page/home.html.erb within layouts/application
  [1m[36mUser Load (0.3ms)[0m  [1m[34mSELECT  "users".* FROM "users" WHERE "users"."id" = $1 LIMIT $2[0m  [["id", 2], ["LIMIT", 1]]
  ↳ app/helpers/sessions_helper.rb:9
  Rendered static_page/home.html.erb within layouts/application (4.3ms)
  Rendered layouts/_header.html.erb (0.8ms)
Completed 200 OK in 53ms (Views: 50.7ms | ActiveRecord: 0.5ms)


Started GET "/" for 127.0.0.1 at 2018-11-05 23:40:52 +0100
Processing by StaticPageController#home as HTML
  Rendering static_page/home.html.erb within layouts/application
  [1m[36mUser Load (0.6ms)[0m  [1m[34mSELECT  "users".* FROM "users" WHERE "users"."id" = $1 LIMIT $2[0m  [["id", 2], ["LIMIT", 1]]
  ↳ app/helpers/sessions_helper.rb:9
  Rendered static_page/home.html.erb within layouts/application (2.7ms)
  Rendered layouts/_header.html.erb (0.7ms)
Completed 200 OK in 56ms (Views: 48.2ms | ActiveRecord: 0.6ms)


Started GET "/" for 127.0.0.1 at 2018-11-05 23:46:22 +0100
Started GET "/users/new" for 127.0.0.1 at 2018-11-05 23:46:22 +0100
Started GET "/login" for 127.0.0.1 at 2018-11-05 23:46:22 +0100
  [1m[35m (0.9ms)[0m  [1m[34mSELECT "schema_migrations"."version" FROM "schema_migrations" ORDER BY "schema_migrations"."version" ASC[0m
  [1m[35m (0.9ms)[0m  [1m[34mSELECT "schema_migrations"."version" FROM "schema_migrations" ORDER BY "schema_migrations"."version" ASC[0m
  ↳ /Users/MatthieuMontagne/.rvm/gems/ruby-2.5.1/gems/activerecord-5.2.1/lib/active_record/log_subscriber.rb:98
  ↳ /Users/MatthieuMontagne/.rvm/gems/ruby-2.5.1/gems/activerecord-5.2.1/lib/active_record/log_subscriber.rb:98
Processing by UsersController#new as HTML
Processing by StaticPageController#home as HTML
Processing by SessionsController#new as HTML
  Rendering static_page/home.html.erb within layouts/application
  Rendering sessions/new.html.erb within layouts/application
  Rendered sessions/new.html.erb within layouts/application (7.1ms)
  [1m[36mUser Load (1.0ms)[0m  [1m[34mSELECT  "users".* FROM "users" WHERE "users"."id" = $1 LIMIT $2[0m  [["id", 2], ["LIMIT", 1]]
  ↳ app/helpers/sessions_helper.rb:9
  [1m[36mUser Load (0.8ms)[0m  [1m[34mSELECT  "users".* FROM "users" WHERE "users"."id" = $1 LIMIT $2[0m  [["id", 2], ["LIMIT", 1]]
  ↳ app/helpers/sessions_helper.rb:9
  Rendered layouts/_header.html.erb (34.0ms)
  Rendered static_page/home.html.erb within layouts/application (244.9ms)
Completed 200 OK in 255ms (Views: 231.4ms | ActiveRecord: 18.7ms)


  Rendering users/new.html.erb within layouts/application
  Rendered shared/_error_messages.html.erb (0.4ms)
  Rendered users/new.html.erb within layouts/application (5.0ms)
  [1m[36mUser Load (1.5ms)[0m  [1m[34mSELECT  "users".* FROM "users" WHERE "users"."id" = $1 LIMIT $2[0m  [["id", 2], ["LIMIT", 1]]
  ↳ app/helpers/sessions_helper.rb:9
  Rendered layouts/_header.html.erb (5.0ms)
Completed 200 OK in 323ms (Views: 57.3ms | ActiveRecord: 10.0ms)


  Rendered layouts/_header.html.erb (0.9ms)
Completed 200 OK in 327ms (Views: 304.7ms | ActiveRecord: 20.1ms)


Started GET "/users/2" for 127.0.0.1 at 2018-11-05 23:46:27 +0100
Processing by UsersController#show as HTML
  Parameters: {"id"=>"2"}
  [1m[36mUser Load (0.5ms)[0m  [1m[34mSELECT  "users".* FROM "users" WHERE "users"."id" = $1 LIMIT $2[0m  [["id", 2], ["LIMIT", 1]]
  ↳ app/controllers/users_controller.rb:59
  [1m[36mUser Load (0.3ms)[0m  [1m[34mSELECT  "users".* FROM "users" WHERE "users"."id" = $1 LIMIT $2[0m  [["id", 2], ["LIMIT", 1]]
  ↳ app/helpers/sessions_helper.rb:9
  Rendering users/show.html.erb within layouts/application
  Rendered users/show.html.erb within layouts/application (0.8ms)
  Rendered layouts/_header.html.erb (0.7ms)
Completed 200 OK in 57ms (Views: 49.2ms | ActiveRecord: 1.0ms)


  [1m[35m (0.6ms)[0m  [1m[34mSELECT "schema_migrations"."version" FROM "schema_migrations" ORDER BY "schema_migrations"."version" ASC[0m
  ↳ bin/rails:9
  [1m[35m (0.3ms)[0m  [1m[34mSELECT "ar_internal_metadata"."value" FROM "ar_internal_metadata" WHERE "ar_internal_metadata"."key" = $1[0m  [["key", "environment"]]
  ↳ bin/rails:9
  [1m[35m (0.2ms)[0m  [1m[34mSELECT "schema_migrations"."version" FROM "schema_migrations" ORDER BY "schema_migrations"."version" ASC[0m
  ↳ bin/rails:9
  [1m[35m (0.2ms)[0m  [1m[34mSELECT "ar_internal_metadata"."value" FROM "ar_internal_metadata" WHERE "ar_internal_metadata"."key" = $1[0m  [["key", "environment"]]
  ↳ bin/rails:9
  [1m[35m (0.2ms)[0m  [1m[34mSELECT "schema_migrations"."version" FROM "schema_migrations" ORDER BY "schema_migrations"."version" ASC[0m
  ↳ bin/rails:9
  [1m[35m (0.2ms)[0m  [1m[34mSELECT "ar_internal_metadata"."value" FROM "ar_internal_metadata" WHERE "ar_internal_metadata"."key" = $1[0m  [["key", "environment"]]
  ↳ bin/rails:9
  [1m[35m (214.5ms)[0m  [1m[35mDROP DATABASE IF EXISTS "secret_development"[0m
  ↳ bin/rails:9
  [1m[35m (213.2ms)[0m  [1m[35mDROP DATABASE IF EXISTS "secret_test"[0m
  ↳ bin/rails:9
  [1m[35m (526.3ms)[0m  [1m[35mCREATE DATABASE "secret_development" ENCODING = 'unicode'[0m
  ↳ bin/rails:9
  [1m[35m (445.7ms)[0m  [1m[35mCREATE DATABASE "secret_test" ENCODING = 'unicode'[0m
  ↳ bin/rails:9
  [1m[35m (5.2ms)[0m  [1m[35mCREATE TABLE "schema_migrations" ("version" character varying NOT NULL PRIMARY KEY)[0m
  ↳ bin/rails:9
  [1m[35m (2.6ms)[0m  [1m[35mCREATE TABLE "ar_internal_metadata" ("key" character varying NOT NULL PRIMARY KEY, "value" character varying, "created_at" timestamp NOT NULL, "updated_at" timestamp NOT NULL)[0m
  ↳ bin/rails:9
  [1m[35m (0.2ms)[0m  [1m[34mSELECT pg_try_advisory_lock(8074652357746927680)[0m
  ↳ bin/rails:9
  [1m[35m (0.4ms)[0m  [1m[34mSELECT "schema_migrations"."version" FROM "schema_migrations" ORDER BY "schema_migrations"."version" ASC[0m
  ↳ bin/rails:9
Migrating to CreateUsers (20181102150356)
  [1m[35m (0.2ms)[0m  [1m[35mBEGIN[0m
  ↳ bin/rails:9
  [1m[35m (43.7ms)[0m  [1m[35mCREATE TABLE "users" ("id" bigserial primary key, "email" character varying, "password_digest" character varying, "created_at" timestamp NOT NULL, "updated_at" timestamp NOT NULL)[0m
  ↳ db/migrate/20181102150356_create_users.rb:3
  [1m[36mActiveRecord::SchemaMigration Create (0.5ms)[0m  [1m[32mINSERT INTO "schema_migrations" ("version") VALUES ($1) RETURNING "version"[0m  [["version", "20181102150356"]]
  ↳ bin/rails:9
  [1m[35m (0.4ms)[0m  [1m[35mCOMMIT[0m
  ↳ bin/rails:9
Migrating to AddIndexToUsersEmail (20181102151710)
  [1m[35m (41.3ms)[0m  [1m[35mBEGIN[0m
  ↳ bin/rails:9
  [1m[35m (0.8ms)[0m  [1m[35mCREATE UNIQUE INDEX  "index_users_on_email" ON "users"  ("email")[0m
  ↳ db/migrate/20181102151710_add_index_to_users_email.rb:3
  [1m[36mActiveRecord::SchemaMigration Create (0.2ms)[0m  [1m[32mINSERT INTO "schema_migrations" ("version") VALUES ($1) RETURNING "version"[0m  [["version", "20181102151710"]]
  ↳ bin/rails:9
  [1m[35m (0.3ms)[0m  [1m[35mCOMMIT[0m
  ↳ bin/rails:9
Migrating to ChangeTableUsers (20181105084500)
  [1m[35m (0.1ms)[0m  [1m[35mBEGIN[0m
  ↳ bin/rails:9
  [1m[35m (0.2ms)[0m  [1m[35mALTER TABLE "users" ADD "first_name" character varying[0m
  ↳ db/migrate/20181105084500_change_table_users.rb:3
  [1m[35m (0.4ms)[0m  [1m[35mALTER TABLE "users" ADD "last_name" character varying[0m
  ↳ db/migrate/20181105084500_change_table_users.rb:4
  [1m[36mActiveRecord::SchemaMigration Create (0.4ms)[0m  [1m[32mINSERT INTO "schema_migrations" ("version") VALUES ($1) RETURNING "version"[0m  [["version", "20181105084500"]]
  ↳ bin/rails:9
  [1m[35m (40.6ms)[0m  [1m[35mCOMMIT[0m
  ↳ bin/rails:9
  [1m[36mActiveRecord::InternalMetadata Load (0.3ms)[0m  [1m[34mSELECT  "ar_internal_metadata".* FROM "ar_internal_metadata" WHERE "ar_internal_metadata"."key" = $1 LIMIT $2[0m  [["key", "environment"], ["LIMIT", 1]]
  ↳ bin/rails:9
  [1m[35m (0.2ms)[0m  [1m[35mBEGIN[0m
  ↳ bin/rails:9
  [1m[36mActiveRecord::InternalMetadata Create (0.4ms)[0m  [1m[32mINSERT INTO "ar_internal_metadata" ("key", "value", "created_at", "updated_at") VALUES ($1, $2, $3, $4) RETURNING "key"[0m  [["key", "environment"], ["value", "development"], ["created_at", "2018-11-05 22:47:05.603175"], ["updated_at", "2018-11-05 22:47:05.603175"]]
  ↳ bin/rails:9
  [1m[35m (1.2ms)[0m  [1m[35mCOMMIT[0m
  ↳ bin/rails:9
  [1m[35m (0.2ms)[0m  [1m[34mSELECT pg_advisory_unlock(8074652357746927680)[0m
  ↳ bin/rails:9
  [1m[35m (0.2ms)[0m  [1m[34mSELECT "schema_migrations"."version" FROM "schema_migrations" ORDER BY "schema_migrations"."version" ASC[0m
  ↳ bin/rails:9
  [1m[35m (0.6ms)[0m  [1m[34mSELECT "schema_migrations"."version" FROM "schema_migrations" ORDER BY "schema_migrations"."version" ASC[0m
  ↳ bin/rails:9
  [1m[35m (0.1ms)[0m  [1m[35mBEGIN[0m
  ↳ db/seeds.rb:8
  [1m[36mUser Exists (0.6ms)[0m  [1m[34mSELECT  1 AS one FROM "users" WHERE LOWER("users"."email") = LOWER($1) LIMIT $2[0m  [["email", "test@example.com"], ["LIMIT", 1]]
  ↳ db/seeds.rb:8
  [1m[36mUser Create (0.6ms)[0m  [1m[32mINSERT INTO "users" ("email", "password_digest", "created_at", "updated_at", "first_name", "last_name") VALUES ($1, $2, $3, $4, $5, $6) RETURNING "id"[0m  [["email", "test@example.com"], ["password_digest", "$2a$10$UPynmK1SJZRf1R6aA8ZoAutyt3oMtr56MxAoHXBc0COR1Dj0J2VZu"], ["created_at", "2018-11-05 22:47:10.760106"], ["updated_at", "2018-11-05 22:47:10.760106"], ["first_name", "Tom"], ["last_name", "Dupont"]]
  ↳ db/seeds.rb:8
  [1m[35m (1.3ms)[0m  [1m[35mCOMMIT[0m
  ↳ db/seeds.rb:8
Started GET "/" for 127.0.0.1 at 2018-11-05 23:47:18 +0100
  [1m[35m (0.6ms)[0m  [1m[34mSELECT "schema_migrations"."version" FROM "schema_migrations" ORDER BY "schema_migrations"."version" ASC[0m
  ↳ /Users/MatthieuMontagne/.rvm/gems/ruby-2.5.1/gems/activerecord-5.2.1/lib/active_record/log_subscriber.rb:98
Processing by StaticPageController#home as HTML
  Rendering static_page/home.html.erb within layouts/application
  [1m[36mUser Load (0.5ms)[0m  [1m[34mSELECT  "users".* FROM "users" WHERE "users"."id" = $1 LIMIT $2[0m  [["id", 2], ["LIMIT", 1]]
  ↳ app/helpers/sessions_helper.rb:9
  Rendered static_page/home.html.erb within layouts/application (11.7ms)
  [1m[36mUser Load (0.4ms)[0m  [1m[34mSELECT  "users".* FROM "users" WHERE "users"."id" = $1 LIMIT $2[0m  [["id", 2], ["LIMIT", 1]]
  ↳ app/helpers/sessions_helper.rb:9
  Rendered layouts/_header.html.erb (2.7ms)
Completed 200 OK in 237ms (Views: 224.7ms | ActiveRecord: 2.9ms)


Started GET "/users/new" for 127.0.0.1 at 2018-11-05 23:47:22 +0100
Processing by UsersController#new as HTML
  Rendering users/new.html.erb within layouts/application
  Rendered shared/_error_messages.html.erb (0.3ms)
  Rendered users/new.html.erb within layouts/application (10.9ms)
  [1m[36mUser Load (0.7ms)[0m  [1m[34mSELECT  "users".* FROM "users" WHERE "users"."id" = $1 LIMIT $2[0m  [["id", 2], ["LIMIT", 1]]
  ↳ app/helpers/sessions_helper.rb:9
  Rendered layouts/_header.html.erb (2.4ms)
Completed 200 OK in 52ms (Views: 38.8ms | ActiveRecord: 4.1ms)


Started POST "/users" for 127.0.0.1 at 2018-11-05 23:47:41 +0100
Processing by UsersController#create as HTML
  Parameters: {"utf8"=>"✓", "authenticity_token"=>"OybjuwrKd2q+/4D6WTFmXy8ZQGhnh7OdVAzFQfMvoh+Dtg50TyifgWJoq2zqbdSbxIafQbJv+NxgvltvAZBljA==", "user"=>{"first_name"=>"test", "last_name"=>"test", "email"=>"test@test.fr", "password"=>"[FILTERED]", "password_confirmation"=>"[FILTERED]"}, "commit"=>"Log in"}
  [1m[35m (0.2ms)[0m  [1m[35mBEGIN[0m
  ↳ app/controllers/users_controller.rb:22
  [1m[36mUser Exists (0.4ms)[0m  [1m[34mSELECT  1 AS one FROM "users" WHERE LOWER("users"."email") = LOWER($1) LIMIT $2[0m  [["email", "test@test.fr"], ["LIMIT", 1]]
  ↳ app/controllers/users_controller.rb:22
  [1m[36mUser Create (0.6ms)[0m  [1m[32mINSERT INTO "users" ("email", "password_digest", "created_at", "updated_at", "first_name", "last_name") VALUES ($1, $2, $3, $4, $5, $6) RETURNING "id"[0m  [["email", "test@test.fr"], ["password_digest", "$2a$10$i4s8d9ooKUF.QwQcFO9frOdJiWDkd9alN4aqJd.18kUpEzBkiK2zi"], ["created_at", "2018-11-05 22:47:41.374535"], ["updated_at", "2018-11-05 22:47:41.374535"], ["first_name", "test"], ["last_name", "test"]]
  ↳ app/controllers/users_controller.rb:22
  [1m[35m (1.2ms)[0m  [1m[35mCOMMIT[0m
  ↳ app/controllers/users_controller.rb:22
Redirected to http://localhost:3000/
Completed 302 Found in 71ms (ActiveRecord: 3.8ms)


Started GET "/" for 127.0.0.1 at 2018-11-05 23:47:41 +0100
Processing by StaticPageController#home as HTML
  Rendering static_page/home.html.erb within layouts/application
  [1m[36mUser Load (0.2ms)[0m  [1m[34mSELECT  "users".* FROM "users" WHERE "users"."id" = $1 LIMIT $2[0m  [["id", 2], ["LIMIT", 1]]
  ↳ app/helpers/sessions_helper.rb:9
  Rendered static_page/home.html.erb within layouts/application (2.3ms)
  Rendered layouts/_header.html.erb (0.8ms)
Completed 200 OK in 32ms (Views: 29.5ms | ActiveRecord: 0.4ms)


Started GET "/" for 127.0.0.1 at 2018-11-05 23:47:44 +0100
Processing by StaticPageController#home as HTML
  Rendering static_page/home.html.erb within layouts/application
  [1m[36mUser Load (0.3ms)[0m  [1m[34mSELECT  "users".* FROM "users" WHERE "users"."id" = $1 LIMIT $2[0m  [["id", 2], ["LIMIT", 1]]
  ↳ app/helpers/sessions_helper.rb:9
  Rendered static_page/home.html.erb within layouts/application (1.5ms)
  Rendered layouts/_header.html.erb (1.9ms)
Completed 200 OK in 58ms (Views: 53.1ms | ActiveRecord: 0.3ms)


Started DELETE "/logout" for 127.0.0.1 at 2018-11-05 23:47:46 +0100
Processing by SessionsController#destroy as HTML
  Parameters: {"authenticity_token"=>"aEsKunpg0B/7FF+ZoWs2Pknmwe+8jLEg8peu2yM/NbdqA+dlcjmZQU83E0E+SIo2BAe9zpkzWvbpMY4rHdxDIA=="}
Redirected to http://localhost:3000/
Completed 302 Found in 1ms (ActiveRecord: 0.0ms)


Started GET "/" for 127.0.0.1 at 2018-11-05 23:47:46 +0100
Processing by StaticPageController#home as HTML
  Rendering static_page/home.html.erb within layouts/application
  Rendered static_page/home.html.erb within layouts/application (0.7ms)
  Rendered layouts/_header.html.erb (1.1ms)
Completed 200 OK in 43ms (Views: 40.4ms | ActiveRecord: 0.0ms)


Started GET "/login" for 127.0.0.1 at 2018-11-05 23:47:50 +0100
Processing by SessionsController#new as HTML
  Rendering sessions/new.html.erb within layouts/application
  Rendered sessions/new.html.erb within layouts/application (1.7ms)
  Rendered layouts/_header.html.erb (0.7ms)
Completed 200 OK in 46ms (Views: 35.1ms | ActiveRecord: 0.0ms)


Started GET "/" for 127.0.0.1 at 2018-11-05 23:47:52 +0100
Processing by StaticPageController#home as HTML
  Rendering static_page/home.html.erb within layouts/application
  Rendered static_page/home.html.erb within layouts/application (0.6ms)
  Rendered layouts/_header.html.erb (0.9ms)
Completed 200 OK in 59ms (Views: 51.3ms | ActiveRecord: 0.0ms)


Started GET "/login" for 127.0.0.1 at 2018-11-05 23:47:53 +0100
Processing by SessionsController#new as HTML
  Rendering sessions/new.html.erb within layouts/application
  Rendered sessions/new.html.erb within layouts/application (15.5ms)
  Rendered layouts/_header.html.erb (0.9ms)
Completed 200 OK in 73ms (Views: 66.7ms | ActiveRecord: 0.0ms)


Started POST "/login" for 127.0.0.1 at 2018-11-05 23:48:03 +0100
Processing by SessionsController#create as HTML
  Parameters: {"utf8"=>"✓", "authenticity_token"=>"5nZMq54xmUtp/trCl0YBsgsZvMbvJ0OxVgaKfH4CM5bJxJY5biFQhv0il5TIo4sZbj/Epx8uXiL0aAKgKMGgpA==", "session"=>{"email"=>"test@test.fr", "password"=>"[FILTERED]"}, "commit"=>"Se connecter"}
  [1m[36mUser Load (0.3ms)[0m  [1m[34mSELECT  "users".* FROM "users" WHERE "users"."email" = $1 LIMIT $2[0m  [["email", "test@test.fr"], ["LIMIT", 1]]
  ↳ app/controllers/sessions_controller.rb:7
Redirected to http://localhost:3000/
Completed 302 Found in 67ms (ActiveRecord: 0.3ms)


Started GET "/" for 127.0.0.1 at 2018-11-05 23:48:03 +0100
Processing by StaticPageController#home as HTML
  Rendering static_page/home.html.erb within layouts/application
  [1m[36mUser Load (0.3ms)[0m  [1m[34mSELECT  "users".* FROM "users" WHERE "users"."id" = $1 LIMIT $2[0m  [["id", 2], ["LIMIT", 1]]
  ↳ app/helpers/sessions_helper.rb:9
  Rendered static_page/home.html.erb within layouts/application (2.1ms)
  Rendered layouts/_header.html.erb (1.0ms)
Completed 200 OK in 45ms (Views: 42.5ms | ActiveRecord: 0.3ms)


Started GET "/" for 127.0.0.1 at 2018-11-05 23:48:05 +0100
Processing by StaticPageController#home as HTML
  Rendering static_page/home.html.erb within layouts/application
  [1m[36mUser Load (0.3ms)[0m  [1m[34mSELECT  "users".* FROM "users" WHERE "users"."id" = $1 LIMIT $2[0m  [["id", 2], ["LIMIT", 1]]
  ↳ app/helpers/sessions_helper.rb:9
  Rendered static_page/home.html.erb within layouts/application (1.7ms)
  Rendered layouts/_header.html.erb (0.7ms)
Completed 200 OK in 53ms (Views: 44.3ms | ActiveRecord: 0.3ms)


Started GET "/" for 127.0.0.1 at 2018-11-05 23:48:07 +0100
Processing by StaticPageController#home as HTML
  Rendering static_page/home.html.erb within layouts/application
  [1m[36mUser Load (0.3ms)[0m  [1m[34mSELECT  "users".* FROM "users" WHERE "users"."id" = $1 LIMIT $2[0m  [["id", 2], ["LIMIT", 1]]
  ↳ app/helpers/sessions_helper.rb:9
  Rendered static_page/home.html.erb within layouts/application (1.5ms)
  Rendered layouts/_header.html.erb (0.7ms)
Completed 200 OK in 28ms (Views: 25.5ms | ActiveRecord: 0.3ms)


Started GET "/" for 127.0.0.1 at 2018-11-05 23:48:08 +0100
Processing by StaticPageController#home as HTML
  Rendering static_page/home.html.erb within layouts/application
  [1m[36mUser Load (0.3ms)[0m  [1m[34mSELECT  "users".* FROM "users" WHERE "users"."id" = $1 LIMIT $2[0m  [["id", 2], ["LIMIT", 1]]
  ↳ app/helpers/sessions_helper.rb:9
  Rendered static_page/home.html.erb within layouts/application (1.3ms)
  Rendered layouts/_header.html.erb (0.6ms)
Completed 200 OK in 34ms (Views: 30.8ms | ActiveRecord: 0.3ms)


Started GET "/" for 127.0.0.1 at 2018-11-05 23:48:08 +0100
Processing by StaticPageController#home as HTML
  Rendering static_page/home.html.erb within layouts/application
  [1m[36mUser Load (0.2ms)[0m  [1m[34mSELECT  "users".* FROM "users" WHERE "users"."id" = $1 LIMIT $2[0m  [["id", 2], ["LIMIT", 1]]
  ↳ app/helpers/sessions_helper.rb:9
  Rendered static_page/home.html.erb within layouts/application (1.6ms)
  Rendered layouts/_header.html.erb (0.7ms)
Completed 200 OK in 36ms (Views: 32.6ms | ActiveRecord: 0.2ms)


Started GET "/" for 127.0.0.1 at 2018-11-05 23:48:09 +0100
Processing by StaticPageController#home as HTML
  Rendering static_page/home.html.erb within layouts/application
  [1m[36mUser Load (0.5ms)[0m  [1m[34mSELECT  "users".* FROM "users" WHERE "users"."id" = $1 LIMIT $2[0m  [["id", 2], ["LIMIT", 1]]
  ↳ app/helpers/sessions_helper.rb:9
  Rendered static_page/home.html.erb within layouts/application (3.0ms)
  Rendered layouts/_header.html.erb (0.7ms)
Completed 200 OK in 34ms (Views: 27.8ms | ActiveRecord: 0.5ms)


Started GET "/" for 127.0.0.1 at 2018-11-05 23:48:09 +0100
Processing by StaticPageController#home as HTML
  Rendering static_page/home.html.erb within layouts/application
  [1m[36mUser Load (0.2ms)[0m  [1m[34mSELECT  "users".* FROM "users" WHERE "users"."id" = $1 LIMIT $2[0m  [["id", 2], ["LIMIT", 1]]
  ↳ app/helpers/sessions_helper.rb:9
  Rendered static_page/home.html.erb within layouts/application (1.4ms)
  Rendered layouts/_header.html.erb (0.8ms)
Completed 200 OK in 34ms (Views: 29.2ms | ActiveRecord: 0.2ms)


Started GET "/" for 127.0.0.1 at 2018-11-05 23:48:09 +0100
Processing by StaticPageController#home as HTML
  Rendering static_page/home.html.erb within layouts/application
  [1m[36mUser Load (1.2ms)[0m  [1m[34mSELECT  "users".* FROM "users" WHERE "users"."id" = $1 LIMIT $2[0m  [["id", 2], ["LIMIT", 1]]
  ↳ app/helpers/sessions_helper.rb:9
  Rendered static_page/home.html.erb within layouts/application (3.3ms)
  Rendered layouts/_header.html.erb (0.7ms)
Completed 200 OK in 43ms (Views: 38.9ms | ActiveRecord: 1.2ms)


Started GET "/" for 127.0.0.1 at 2018-11-05 23:48:09 +0100
Processing by StaticPageController#home as HTML
  Rendering static_page/home.html.erb within layouts/application
  [1m[36mUser Load (0.3ms)[0m  [1m[34mSELECT  "users".* FROM "users" WHERE "users"."id" = $1 LIMIT $2[0m  [["id", 2], ["LIMIT", 1]]
  ↳ app/helpers/sessions_helper.rb:9
  Rendered static_page/home.html.erb within layouts/application (2.8ms)
  Rendered layouts/_header.html.erb (0.6ms)
Completed 200 OK in 35ms (Views: 32.6ms | ActiveRecord: 0.3ms)


Started GET "/" for 127.0.0.1 at 2018-11-05 23:48:10 +0100
Processing by StaticPageController#home as HTML
  Rendering static_page/home.html.erb within layouts/application
  [1m[36mUser Load (0.2ms)[0m  [1m[34mSELECT  "users".* FROM "users" WHERE "users"."id" = $1 LIMIT $2[0m  [["id", 2], ["LIMIT", 1]]
  ↳ app/helpers/sessions_helper.rb:9
  Rendered static_page/home.html.erb within layouts/application (1.3ms)
  Rendered layouts/_header.html.erb (0.7ms)
Completed 200 OK in 31ms (Views: 24.9ms | ActiveRecord: 0.2ms)


Started GET "/" for 127.0.0.1 at 2018-11-05 23:48:10 +0100
Processing by StaticPageController#home as HTML
  Rendering static_page/home.html.erb within layouts/application
  [1m[36mUser Load (0.2ms)[0m  [1m[34mSELECT  "users".* FROM "users" WHERE "users"."id" = $1 LIMIT $2[0m  [["id", 2], ["LIMIT", 1]]
  ↳ app/helpers/sessions_helper.rb:9
  Rendered static_page/home.html.erb within layouts/application (1.8ms)
  Rendered layouts/_header.html.erb (0.7ms)
Completed 200 OK in 36ms (Views: 33.1ms | ActiveRecord: 0.2ms)


Started GET "/users/2" for 127.0.0.1 at 2018-11-05 23:48:11 +0100
Processing by UsersController#show as HTML
  Parameters: {"id"=>"2"}
  [1m[36mUser Load (0.4ms)[0m  [1m[34mSELECT  "users".* FROM "users" WHERE "users"."id" = $1 LIMIT $2[0m  [["id", 2], ["LIMIT", 1]]
  ↳ app/controllers/users_controller.rb:59
  [1m[36mUser Load (1.4ms)[0m  [1m[34mSELECT  "users".* FROM "users" WHERE "users"."id" = $1 LIMIT $2[0m  [["id", 2], ["LIMIT", 1]]
  ↳ app/helpers/sessions_helper.rb:9
  Rendering users/show.html.erb within layouts/application
  Rendered users/show.html.erb within layouts/application (0.8ms)
  Rendered layouts/_header.html.erb (0.7ms)
Completed 200 OK in 44ms (Views: 33.3ms | ActiveRecord: 1.8ms)


Started GET "/users/2" for 127.0.0.1 at 2018-11-05 23:48:13 +0100
Processing by UsersController#show as HTML
  Parameters: {"id"=>"2"}
  [1m[36mUser Load (0.7ms)[0m  [1m[34mSELECT  "users".* FROM "users" WHERE "users"."id" = $1 LIMIT $2[0m  [["id", 2], ["LIMIT", 1]]
  ↳ app/controllers/users_controller.rb:59
  [1m[36mUser Load (0.5ms)[0m  [1m[34mSELECT  "users".* FROM "users" WHERE "users"."id" = $1 LIMIT $2[0m  [["id", 2], ["LIMIT", 1]]
  ↳ app/helpers/sessions_helper.rb:9
  Rendering users/show.html.erb within layouts/application
  Rendered users/show.html.erb within layouts/application (0.7ms)
  Rendered layouts/_header.html.erb (0.7ms)
Completed 200 OK in 41ms (Views: 29.5ms | ActiveRecord: 1.2ms)


Started GET "/users/2" for 127.0.0.1 at 2018-11-05 23:48:15 +0100
Processing by UsersController#show as HTML
  Parameters: {"id"=>"2"}
  [1m[36mUser Load (0.2ms)[0m  [1m[34mSELECT  "users".* FROM "users" WHERE "users"."id" = $1 LIMIT $2[0m  [["id", 2], ["LIMIT", 1]]
  ↳ app/controllers/users_controller.rb:59
  [1m[36mUser Load (0.7ms)[0m  [1m[34mSELECT  "users".* FROM "users" WHERE "users"."id" = $1 LIMIT $2[0m  [["id", 2], ["LIMIT", 1]]
  ↳ app/helpers/sessions_helper.rb:9
  Rendering users/show.html.erb within layouts/application
  Rendered users/show.html.erb within layouts/application (0.8ms)
  Rendered layouts/_header.html.erb (0.7ms)
Completed 200 OK in 53ms (Views: 40.5ms | ActiveRecord: 0.9ms)


Started GET "/users/2/edit" for 127.0.0.1 at 2018-11-05 23:48:21 +0100
Processing by UsersController#edit as HTML
  Parameters: {"id"=>"2"}
  [1m[36mUser Load (0.2ms)[0m  [1m[34mSELECT  "users".* FROM "users" WHERE "users"."id" = $1 LIMIT $2[0m  [["id", 2], ["LIMIT", 1]]
  ↳ app/controllers/users_controller.rb:59
  [1m[36mUser Load (0.9ms)[0m  [1m[34mSELECT  "users".* FROM "users" WHERE "users"."id" = $1 LIMIT $2[0m  [["id", 2], ["LIMIT", 1]]
  ↳ app/helpers/sessions_helper.rb:9
  Rendering users/edit.html.erb within layouts/application
  Rendered users/edit.html.erb within layouts/application (2.2ms)
  Rendered layouts/_header.html.erb (0.6ms)
Completed 200 OK in 47ms (Views: 34.5ms | ActiveRecord: 1.2ms)


  [1m[35m (0.6ms)[0m  [1m[34mSELECT "schema_migrations"."version" FROM "schema_migrations" ORDER BY "schema_migrations"."version" ASC[0m
  ↳ bin/rails:9
  [1m[35m (0.3ms)[0m  [1m[34mSELECT "ar_internal_metadata"."value" FROM "ar_internal_metadata" WHERE "ar_internal_metadata"."key" = $1[0m  [["key", "environment"]]
  ↳ bin/rails:9
  [1m[35m (0.2ms)[0m  [1m[34mSELECT "schema_migrations"."version" FROM "schema_migrations" ORDER BY "schema_migrations"."version" ASC[0m
  ↳ bin/rails:9
  [1m[35m (0.2ms)[0m  [1m[34mSELECT "ar_internal_metadata"."value" FROM "ar_internal_metadata" WHERE "ar_internal_metadata"."key" = $1[0m  [["key", "environment"]]
  ↳ bin/rails:9
  [1m[35m (0.2ms)[0m  [1m[34mSELECT "schema_migrations"."version" FROM "schema_migrations" ORDER BY "schema_migrations"."version" ASC[0m
  ↳ bin/rails:9
  [1m[35m (0.2ms)[0m  [1m[34mSELECT "ar_internal_metadata"."value" FROM "ar_internal_metadata" WHERE "ar_internal_metadata"."key" = $1[0m  [["key", "environment"]]
  ↳ bin/rails:9
  [1m[35m (212.2ms)[0m  [1m[35mDROP DATABASE IF EXISTS "secret_development"[0m
  ↳ bin/rails:9
  [1m[35m (212.2ms)[0m  [1m[35mDROP DATABASE IF EXISTS "secret_test"[0m
  ↳ bin/rails:9
